\BOOKMARK [1][-]{section.1}{\376\377\000I\000n\000t\000r\000o\000d\000u\000c\000c\000i\000\363\000n}{}% 1
\BOOKMARK [1][-]{section.2}{\376\377\000A\000c\000t\000i\000v\000a\000r\000\040\000d\000e\000l\000\040\000m\000o\000d\000o\000\040\000d\000e\000s\000a\000r\000r\000o\000l\000l\000a\000d\000o\000r\000\040\000e\000n\000\040\000O\000d\000o\000o}{}% 2
\BOOKMARK [2][-]{subsection.2.1}{\376\377\000E\000n\000t\000r\000a\000r\000\040\000e\000n\000\040\000O\000d\000o\000o\000\040\000c\000o\000n\000\040\000e\000l\000\040\000u\000s\000u\000a\000r\000i\000o\000\040\000a\000d\000m\000i\000n\000i\000s\000t\000r\000a\000d\000o\000r}{section.2}% 3
\BOOKMARK [2][-]{subsection.2.2}{\376\377\000A\000c\000t\000i\000v\000a\000r\000\040\000m\000o\000d\000o\000\040\000d\000e\000s\000a\000r\000r\000o\000l\000l\000a\000d\000o\000r}{section.2}% 4
\BOOKMARK [1][-]{section.3}{\376\377\000P\000r\000i\000m\000e\000r\000\040\000m\000\363\000d\000u\000l\000o\000:\000\040\000"\000H\000o\000l\000a\000\040\000m\000u\000n\000d\000o\000"}{}% 5
\BOOKMARK [1][-]{section.4}{\376\377\000C\000r\000e\000a\000c\000i\000\363\000n\000\040\000d\000e\000\040\000m\000\363\000d\000u\000l\000o\000s\000\040\000e\000n\000\040\000O\000d\000o\000o}{}% 6
\BOOKMARK [2][-]{subsection.4.1}{\376\377\000C\000r\000e\000a\000c\000i\000\363\000n\000\040\000d\000e\000\040\000m\000\363\000d\000u\000l\000o\000s\000\040\000c\000o\000n\000\040\000O\000d\000o\000o\000\040\000S\000c\000a\000f\000f\000o\000l\000d}{section.4}% 7
\BOOKMARK [1][-]{section.5}{\376\377\000M\000\363\000d\000u\000l\000o\000\040\000f\000u\000n\000c\000i\000o\000n\000a\000l\000:\000\040\000"\000L\000i\000s\000t\000a\000\040\000d\000e\000\040\000t\000a\000r\000e\000a\000s\000"}{}% 8
\BOOKMARK [2][-]{subsection.5.1}{\376\377\000C\000r\000e\000a\000c\000i\000\363\000n\000\040\000d\000e\000l\000\040\000m\000\363\000d\000u\000l\000o}{section.5}% 9
\BOOKMARK [2][-]{subsection.5.2}{\376\377\000M\000o\000d\000e\000l\000o\000\040\000d\000e\000\040\000D\000a\000t\000o\000s}{section.5}% 10
\BOOKMARK [2][-]{subsection.5.3}{\376\377\000E\000x\000p\000l\000i\000c\000a\000c\000i\000\363\000n\000\040\000d\000e\000\040\000C\000a\000m\000p\000o\000s}{section.5}% 11
\BOOKMARK [1][-]{section.6}{\376\377\000M\000o\000d\000i\000f\000i\000c\000a\000c\000i\000\363\000n\000\040\000d\000e\000l\000\040\000m\000\363\000d\000u\000l\000o\000\040\000"\000L\000i\000s\000t\000a\000\040\000d\000e\000\040\000t\000a\000r\000e\000a\000s\000"}{}% 12
\BOOKMARK [2][-]{subsection.6.1}{\376\377\000A\000c\000t\000u\000a\000l\000i\000z\000a\000c\000i\000\363\000n\000\040\000d\000e\000l\000\040\000m\000\363\000d\000u\000l\000o}{section.6}% 13
\BOOKMARK [3][-]{subsubsection.6.1.1}{\376\377\000M\000\351\000t\000o\000d\000o\000s\000\040\000C\000a\000l\000c\000u\000l\000a\000d\000o\000s}{subsection.6.1}% 14
\BOOKMARK [3][-]{subsubsection.6.1.2}{\376\377\000M\000\351\000t\000o\000d\000o\000s\000\040\000d\000e\000\040\000A\000c\000c\000i\000\363\000n}{subsection.6.1}% 15
\BOOKMARK [3][-]{subsubsection.6.1.3}{\376\377\000M\000o\000d\000e\000l\000o\000\040\000A\000u\000x\000i\000l\000i\000a\000r\000:\000\040\000e\000t\000i\000q\000u\000e\000t\000a\000d\000o\000\137\000d\000e\000\137\000t\000a\000r\000e\000a\000s}{subsection.6.1}% 16
\BOOKMARK [2][-]{subsection.6.2}{\376\377\000E\000x\000p\000l\000i\000c\000a\000c\000i\000\363\000n\000\040\000c\000o\000n\000c\000r\000e\000t\000a\000\040\000d\000e\000\040\000l\000a\000\040\000a\000c\000t\000u\000a\000l\000i\000z\000a\000c\000i\000\363\000n}{section.6}% 17
\BOOKMARK [2][-]{subsection.6.3}{\376\377\000A\000p\000l\000i\000c\000a\000r\000\040\000c\000a\000m\000b\000i\000o\000s}{section.6}% 18
\BOOKMARK [2][-]{subsection.6.4}{\376\377\000D\000i\000f\000e\000r\000e\000n\000c\000i\000a\000s\000\040\000e\000n\000t\000r\000e\000\040\000e\000l\000\040\000o\000r\000i\000g\000i\000n\000a\000l\000\040\000y\000\040\000l\000a\000\040\000a\000c\000t\000u\000a\000l\000i\000z\000a\000c\000i\000\363\000n}{section.6}% 19
\BOOKMARK [2][-]{subsection.6.5}{\376\377\000U\000s\000o\000\040\000p\000r\000\341\000c\000t\000i\000c\000o\000\040\000d\000e\000l\000\040\000m\000\363\000d\000u\000l\000o}{section.6}% 20
\BOOKMARK [3][-]{subsubsection.6.5.1}{\376\377\000C\000r\000e\000a\000c\000i\000\363\000n\000\040\000d\000e\000\040\000n\000u\000e\000v\000a\000\040\000t\000a\000r\000e\000a}{subsection.6.5}% 21
\BOOKMARK [3][-]{subsubsection.6.5.2}{\376\377\000V\000i\000s\000t\000a\000\040\000d\000e\000\040\000l\000a\000\040\000l\000i\000s\000t\000a\000\040\000d\000e\000\040\000t\000a\000r\000e\000a\000s\000\040\000p\000e\000n\000d\000i\000e\000n\000t\000e\000s}{subsection.6.5}% 22
\BOOKMARK [1][-]{section.7}{\376\377\000P\000r\000o\000b\000l\000e\000m\000a\000s\000\040\000s\000u\000r\000g\000i\000d\000o\000s}{}% 23
\BOOKMARK [2][-]{subsection.7.1}{\376\377\000y\000o\000u\000r\000c\000o\000m\000p\000a\000n\000y\000.\000c\000o\000m}{section.7}% 24
\BOOKMARK [2][-]{subsection.7.2}{\376\377\000M\000\351\000t\000o\000d\000o\000s\000\040\000e\000n\000\040\000e\000l\000\040\000m\000o\000d\000e\000l\000s\000.\000p\000y\000\040\000y\000\040\000m\000o\000d\000i\000f\000i\000c\000a\000r\000\040\000v\000i\000e\000w\000s\000.\000x\000m\000l}{section.7}% 25
\BOOKMARK [1][-]{section.8}{\376\377\000C\000o\000n\000c\000l\000u\000s\000i\000\363\000n}{}% 26
\BOOKMARK [1][-]{section.9}{\376\377\000B\000i\000b\000l\000i\000o\000g\000r\000a\000f\000\355\000a}{}% 27
