This is pdfTeX, Version 3.141592653-2.6-1.40.25 (TeX Live 2023/Debian) (preloaded format=pdflatex 2025.10.29)  13 NOV 2025 10:08
entering extended mode
 restricted \write18 enabled.
 file:line:error style messages enabled.
 %&-line parsing enabled.
**/home/santi/Escritorio/Practica3/Documentación/Documentación.tex
(/home/santi/Escritorio/Practica3/Documentación/Documentación.tex
LaTeX2e <2023-11-01> patch level 1
L3 programming layer <2024-01-22>
(/usr/share/texlive/texmf-dist/tex/latex/base/article.cls
Document Class: article 2023/05/17 v1.4n Standard LaTeX document class
(/usr/share/texlive/texmf-dist/tex/latex/base/size12.clo
File: size12.clo 2023/05/17 v1.4n Standard LaTeX file (size option)
)
\c@part=\count187
\c@section=\count188
\c@subsection=\count189
\c@subsubsection=\count190
\c@paragraph=\count191
\c@subparagraph=\count192
\c@figure=\count193
\c@table=\count194
\abovecaptionskip=\skip48
\belowcaptionskip=\skip49
\bibindent=\dimen140
) (/usr/share/texlive/texmf-dist/tex/latex/base/inputenc.sty
Package: inputenc 2021/02/14 v1.3d Input encoding file
\inpenc@prehook=\toks17
\inpenc@posthook=\toks18
) (/usr/share/texlive/texmf-dist/tex/latex/geometry/geometry.sty
Package: geometry 2020/01/02 v5.9 Page Geometry
 (/usr/share/texlive/texmf-dist/tex/latex/graphics/keyval.sty
Package: keyval 2022/05/29 v1.15 key=value parser (DPC)
\KV@toks@=\toks19
) (/usr/share/texlive/texmf-dist/tex/generic/iftex/ifvtex.sty
Package: ifvtex 2019/10/25 v1.7 ifvtex legacy package. Use iftex instead.
 (/usr/share/texlive/texmf-dist/tex/generic/iftex/iftex.sty
Package: iftex 2022/02/03 v1.0f TeX engine tests
))
\Gm@cnth=\count195
\Gm@cntv=\count196
\c@Gm@tempcnt=\count197
\Gm@bindingoffset=\dimen141
\Gm@wd@mp=\dimen142
\Gm@odd@mp=\dimen143
\Gm@even@mp=\dimen144
\Gm@layoutwidth=\dimen145
\Gm@layoutheight=\dimen146
\Gm@layouthoffset=\dimen147
\Gm@layoutvoffset=\dimen148
\Gm@dimlist=\toks20
) (/usr/share/texlive/texmf-dist/tex/latex/graphics/graphicx.sty
Package: graphicx 2021/09/16 v1.2d Enhanced LaTeX Graphics (DPC,SPQR)
 (/usr/share/texlive/texmf-dist/tex/latex/graphics/graphics.sty
Package: graphics 2022/03/10 v1.4e Standard LaTeX Graphics (DPC,SPQR)
 (/usr/share/texlive/texmf-dist/tex/latex/graphics/trig.sty
Package: trig 2021/08/11 v1.11 sin cos tan (DPC)
) (/usr/share/texlive/texmf-dist/tex/latex/graphics-cfg/graphics.cfg
File: graphics.cfg 2016/06/04 v1.11 sample graphics configuration
)
Package graphics Info: Driver file: pdftex.def on input line 107.
 (/usr/share/texlive/texmf-dist/tex/latex/graphics-def/pdftex.def
File: pdftex.def 2022/09/22 v1.2b Graphics/color driver for pdftex
))
\Gin@req@height=\dimen149
\Gin@req@width=\dimen150
) (/usr/share/texlive/texmf-dist/tex/latex/hyperref/hyperref.sty
Package: hyperref 2024-01-20 v7.01h Hypertext links for LaTeX
 (/usr/share/texlive/texmf-dist/tex/latex/kvsetkeys/kvsetkeys.sty
Package: kvsetkeys 2022-10-05 v1.19 Key value parser (HO)
) (/usr/share/texlive/texmf-dist/tex/generic/kvdefinekeys/kvdefinekeys.sty
Package: kvdefinekeys 2019-12-19 v1.6 Define keys (HO)
) (/usr/share/texlive/texmf-dist/tex/generic/pdfescape/pdfescape.sty
Package: pdfescape 2019/12/09 v1.15 Implements pdfTeX's escape features (HO)
 (/usr/share/texlive/texmf-dist/tex/generic/ltxcmds/ltxcmds.sty
Package: ltxcmds 2023-12-04 v1.26 LaTeX kernel commands for general use (HO)
) (/usr/share/texlive/texmf-dist/tex/generic/pdftexcmds/pdftexcmds.sty
Package: pdftexcmds 2020-06-27 v0.33 Utility functions of pdfTeX for LuaTeX (HO)
 (/usr/share/texlive/texmf-dist/tex/generic/infwarerr/infwarerr.sty
Package: infwarerr 2019/12/03 v1.5 Providing info/warning/error messages (HO)
)
Package pdftexcmds Info: \pdf@primitive is available.
Package pdftexcmds Info: \pdf@ifprimitive is available.
Package pdftexcmds Info: \pdfdraftmode found.
)) (/usr/share/texlive/texmf-dist/tex/latex/hycolor/hycolor.sty
Package: hycolor 2020-01-27 v1.10 Color options for hyperref/bookmark (HO)
) (/usr/share/texlive/texmf-dist/tex/latex/auxhook/auxhook.sty
Package: auxhook 2019-12-17 v1.6 Hooks for auxiliary files (HO)
) (/usr/share/texlive/texmf-dist/tex/latex/hyperref/nameref.sty
Package: nameref 2023-11-26 v2.56 Cross-referencing by name of section
 (/usr/share/texlive/texmf-dist/tex/latex/refcount/refcount.sty
Package: refcount 2019/12/15 v3.6 Data extraction from label references (HO)
) (/usr/share/texlive/texmf-dist/tex/generic/gettitlestring/gettitlestring.sty
Package: gettitlestring 2019/12/15 v1.6 Cleanup title references (HO)
 (/usr/share/texlive/texmf-dist/tex/latex/kvoptions/kvoptions.sty
Package: kvoptions 2022-06-15 v3.15 Key value format for package options (HO)
))
\c@section@level=\count198
) (/usr/share/texlive/texmf-dist/tex/latex/etoolbox/etoolbox.sty
Package: etoolbox 2020/10/05 v2.5k e-TeX tools for LaTeX (JAW)
\etb@tempcnta=\count199
)
\@linkdim=\dimen151
\Hy@linkcounter=\count266
\Hy@pagecounter=\count267
 (/usr/share/texlive/texmf-dist/tex/latex/hyperref/pd1enc.def
File: pd1enc.def 2024-01-20 v7.01h Hyperref: PDFDocEncoding definition (HO)
Now handling font encoding PD1 ...
... no UTF-8 mapping file for font encoding PD1
) (/usr/share/texlive/texmf-dist/tex/generic/intcalc/intcalc.sty
Package: intcalc 2019/12/15 v1.3 Expandable calculations with integers (HO)
)
\Hy@SavedSpaceFactor=\count268
 (/usr/share/texlive/texmf-dist/tex/latex/hyperref/puenc.def
File: puenc.def 2024-01-20 v7.01h Hyperref: PDF Unicode definition (HO)
Now handling font encoding PU ...
... no UTF-8 mapping file for font encoding PU
)
Package hyperref Info: Hyper figures OFF on input line 4179.
Package hyperref Info: Link nesting OFF on input line 4184.
Package hyperref Info: Hyper index ON on input line 4187.
Package hyperref Info: Plain pages OFF on input line 4194.
Package hyperref Info: Backreferencing OFF on input line 4199.
Package hyperref Info: Implicit mode ON; LaTeX internals redefined.
Package hyperref Info: Bookmarks ON on input line 4446.
\c@Hy@tempcnt=\count269
 (/usr/share/texlive/texmf-dist/tex/latex/url/url.sty
\Urlmuskip=\muskip16
Package: url 2013/09/16  ver 3.4  Verb mode for urls, etc.
)
LaTeX Info: Redefining \url on input line 4784.
\XeTeXLinkMargin=\dimen152
 (/usr/share/texlive/texmf-dist/tex/generic/bitset/bitset.sty
Package: bitset 2019/12/09 v1.3 Handle bit-vector datatype (HO)
 (/usr/share/texlive/texmf-dist/tex/generic/bigintcalc/bigintcalc.sty
Package: bigintcalc 2019/12/15 v1.5 Expandable calculations on big integers (HO)
))
\Fld@menulength=\count270
\Field@Width=\dimen153
\Fld@charsize=\dimen154
Package hyperref Info: Hyper figures OFF on input line 6063.
Package hyperref Info: Link nesting OFF on input line 6068.
Package hyperref Info: Hyper index ON on input line 6071.
Package hyperref Info: backreferencing OFF on input line 6078.
Package hyperref Info: Link coloring OFF on input line 6083.
Package hyperref Info: Link coloring with OCG OFF on input line 6088.
Package hyperref Info: PDF/A mode OFF on input line 6093.
 (/usr/share/texlive/texmf-dist/tex/latex/base/atbegshi-ltx.sty
Package: atbegshi-ltx 2021/01/10 v1.0c Emulation of the original atbegshi
package with kernel methods
)
\Hy@abspage=\count271
\c@Item=\count272
\c@Hfootnote=\count273
)
Package hyperref Info: Driver (autodetected): hpdftex.
 (/usr/share/texlive/texmf-dist/tex/latex/hyperref/hpdftex.def
File: hpdftex.def 2024-01-20 v7.01h Hyperref driver for pdfTeX
 (/usr/share/texlive/texmf-dist/tex/latex/base/atveryend-ltx.sty
Package: atveryend-ltx 2020/08/19 v1.0a Emulation of the original atveryend package
with kernel methods
)
\Fld@listcount=\count274
\c@bookmark@seq@number=\count275
 (/usr/share/texlive/texmf-dist/tex/latex/rerunfilecheck/rerunfilecheck.sty
Package: rerunfilecheck 2022-07-10 v1.10 Rerun checks for auxiliary files (HO)
 (/usr/share/texlive/texmf-dist/tex/generic/uniquecounter/uniquecounter.sty
Package: uniquecounter 2019/12/15 v1.4 Provide unlimited unique counter (HO)
)
Package uniquecounter Info: New unique counter `rerunfilecheck' on input line 285.
)
\Hy@SectionHShift=\skip50
) (/usr/share/texlive/texmf-dist/tex/latex/media9/media9.sty
Package: media9 2022/08/04 v1.25 acrobat-9/X compatible media
\g_mix_pkgresizeflag_int=\count276
 (/usr/share/texlive/texmf-dist/tex/latex/media9/pdfbase.sty
Package: pdfbase 2022/08/04 v0.55 driver independent access to low-level PDF features
 (/usr/share/texlive/texmf-dist/tex/latex/l3backend/l3backend-pdftex.def
File: l3backend-pdftex.def 2024-01-04 L3 backend support: PDF output (pdfTeX)
\l__color_backend_stack_int=\count277
\l__pdf_internal_box=\box51
)
\g_pbs_page_int=\count278
\g_pbs_oc_int=\count279
) (/usr/share/texlive/texmf-dist/tex/latex/ocgx2/ocgbase.sty
Package: ocgbase 2022/08/04 v0.22 support package for ocgx2.sty
\g_ocgbase_nd_int=\count280
)
\l_mix_poster_box=\box52
\g_mix_wd_dim=\dimen155
\g_mix_ht_dim=\dimen156
\g_mix_dp_dim=\dimen157
\g_mix_rmcnt_int=\count281
\l_mix_viewcnt_int=\count282
\g@mix@page@int=\count283
\g_mix_resizeflag_int=\count284
\l_mix_lineno_int=\count285
\l_mix_pbtn_box=\box53
\g_mix_mbtncnt_int=\count286
\mix@btn@dim=\dimen158
) (/usr/share/texlive/texmf-dist/tex/latex/listings/listings.sty
\lst@mode=\count287
\lst@gtempboxa=\box54
\lst@token=\toks21
\lst@length=\count288
\lst@currlwidth=\dimen159
\lst@column=\count289
\lst@pos=\count290
\lst@lostspace=\dimen160
\lst@width=\dimen161
\lst@newlines=\count291
\lst@lineno=\count292
\lst@maxwidth=\dimen162
 (/usr/share/texlive/texmf-dist/tex/latex/listings/lstmisc.sty
File: lstmisc.sty 2023/02/27 1.9 (Carsten Heinz)
\c@lstnumber=\count293
\lst@skipnumbers=\count294
\lst@framebox=\box55
) (/usr/share/texlive/texmf-dist/tex/latex/listings/listings.cfg
File: listings.cfg 2023/02/27 1.9 listings configuration
))
Package: listings 2023/02/27 1.9 (Carsten Heinz)
 (/usr/share/texlive/texmf-dist/tex/latex/xcolor/xcolor.sty
Package: xcolor 2023/11/15 v3.01 LaTeX color extensions (UK)
 (/usr/share/texlive/texmf-dist/tex/latex/graphics-cfg/color.cfg
File: color.cfg 2016/01/02 v1.6 sample color configuration
)
Package xcolor Info: Driver file: pdftex.def on input line 274.
 (/usr/share/texlive/texmf-dist/tex/latex/graphics/mathcolor.ltx)
Package xcolor Info: Model `cmy' substituted by `cmy0' on input line 1350.
Package xcolor Info: Model `hsb' substituted by `rgb' on input line 1354.
Package xcolor Info: Model `RGB' extended on input line 1366.
Package xcolor Info: Model `HTML' substituted by `rgb' on input line 1368.
Package xcolor Info: Model `Hsb' substituted by `hsb' on input line 1369.
Package xcolor Info: Model `tHsb' substituted by `hsb' on input line 1370.
Package xcolor Info: Model `HSB' substituted by `hsb' on input line 1371.
Package xcolor Info: Model `Gray' substituted by `gray' on input line 1372.
Package xcolor Info: Model `wave' substituted by `hsb' on input line 1373.
) (./Documentación.aux)
\openout1 = `Documentación.aux'.

LaTeX Font Info:    Checking defaults for OML/cmm/m/it on input line 24.
LaTeX Font Info:    ... okay on input line 24.
LaTeX Font Info:    Checking defaults for OMS/cmsy/m/n on input line 24.
LaTeX Font Info:    ... okay on input line 24.
LaTeX Font Info:    Checking defaults for OT1/cmr/m/n on input line 24.
LaTeX Font Info:    ... okay on input line 24.
LaTeX Font Info:    Checking defaults for T1/cmr/m/n on input line 24.
LaTeX Font Info:    ... okay on input line 24.
LaTeX Font Info:    Checking defaults for TS1/cmr/m/n on input line 24.
LaTeX Font Info:    ... okay on input line 24.
LaTeX Font Info:    Checking defaults for OMX/cmex/m/n on input line 24.
LaTeX Font Info:    ... okay on input line 24.
LaTeX Font Info:    Checking defaults for U/cmr/m/n on input line 24.
LaTeX Font Info:    ... okay on input line 24.
LaTeX Font Info:    Checking defaults for PD1/pdf/m/n on input line 24.
LaTeX Font Info:    ... okay on input line 24.
LaTeX Font Info:    Checking defaults for PU/pdf/m/n on input line 24.
LaTeX Font Info:    ... okay on input line 24.

*geometry* driver: auto-detecting
*geometry* detected driver: pdftex
*geometry* verbose mode - [ preamble ] result:
* driver: pdftex
* paper: <default>
* layout: <same size as paper>
* layoutoffset:(h,v)=(0.0pt,0.0pt)
* modes: 
* h-part:(L,W,R)=(56.9055pt, 500.484pt, 56.9055pt)
* v-part:(T,H,B)=(56.9055pt, 681.15898pt, 56.9055pt)
* \paperwidth=614.295pt
* \paperheight=794.96999pt
* \textwidth=500.484pt
* \textheight=681.15898pt
* \oddsidemargin=-15.36449pt
* \evensidemargin=-15.36449pt
* \topmargin=-52.36449pt
* \headheight=12.0pt
* \headsep=25.0pt
* \topskip=12.0pt
* \footskip=30.0pt
* \marginparwidth=44.0pt
* \marginparsep=10.0pt
* \columnsep=10.0pt
* \skip\footins=10.8pt plus 4.0pt minus 2.0pt
* \hoffset=0.0pt
* \voffset=0.0pt
* \mag=1000
* \@twocolumnfalse
* \@twosidefalse
* \@mparswitchfalse
* \@reversemarginfalse
* (1in=72.27pt=25.4mm, 1cm=28.453pt)

(/usr/share/texlive/texmf-dist/tex/context/base/mkii/supp-pdf.mkii
[Loading MPS to PDF converter (version 2006.09.02).]
\scratchcounter=\count295
\scratchdimen=\dimen163
\scratchbox=\box56
\nofMPsegments=\count296
\nofMParguments=\count297
\everyMPshowfont=\toks22
\MPscratchCnt=\count298
\MPscratchDim=\dimen164
\MPnumerator=\count299
\makeMPintoPDFobject=\count300
\everyMPtoPDFconversion=\toks23
) (/usr/share/texlive/texmf-dist/tex/latex/epstopdf-pkg/epstopdf-base.sty
Package: epstopdf-base 2020-01-24 v2.11 Base part for package epstopdf
Package epstopdf-base Info: Redefining graphics rule for `.eps' on input line 485.
 (/usr/share/texlive/texmf-dist/tex/latex/latexconfig/epstopdf-sys.cfg
File: epstopdf-sys.cfg 2010/07/13 v1.3 Configuration of (r)epstopdf for TeX Live
))
Package hyperref Info: Link coloring OFF on input line 24.
 (./Documentación.out) (./Documentación.out)
\@outlinefile=\write3
\openout3 = `Documentación.out'.

\c@lstlisting=\count301
LaTeX Font Info:    External font `cmex10' loaded for size
(Font)              <14.4> on input line 26.
LaTeX Font Info:    External font `cmex10' loaded for size
(Font)              <7> on input line 26.
 [1

{/var/lib/texmf/fonts/map/pdftex/updmap/pdftex.map}] (./Documentación.toc
LaTeX Font Info:    External font `cmex10' loaded for size
(Font)              <12> on input line 4.
LaTeX Font Info:    External font `cmex10' loaded for size
(Font)              <8> on input line 4.
LaTeX Font Info:    External font `cmex10' loaded for size
(Font)              <6> on input line 4.
)
\tf@toc=\write4
\openout4 = `Documentación.toc'.

 [2] [3] [4]
Overfull \hbox (129.37354pt too wide) in paragraph at lines 60--61
[]\OT1/cmr/m/n/12 Chrome []$\OT1/cmtt/m/n/12 https : / / chrome . google . com / webstore / detail / odoo-[]debug / hmdmhilocobgohohpdpolmibjklfgkbi ?
 []

<images/administrador.png, id=96, 279.0425pt x 102.3825pt>
File: images/administrador.png Graphic file (type png)
<use images/administrador.png>
Package pdftex.def Info: images/administrador.png  used on input line 70.
(pdftex.def)             Requested size: 400.38872pt x 146.91046pt.
<images/ajustes.png, id=98, 217.81375pt x 232.87pt>
File: images/ajustes.png Graphic file (type png)
<use images/ajustes.png>
Package pdftex.def Info: images/ajustes.png  used on input line 77.
(pdftex.def)             Requested size: 250.24199pt x 267.539pt.
<images/modo-desarrollador.png, id=99, 596.2275pt x 291.0875pt>
File: images/modo-desarrollador.png Graphic file (type png)
<use images/modo-desarrollador.png>
Package pdftex.def Info: images/modo-desarrollador.png  used on input line 83.
(pdftex.def)             Requested size: 500.484pt x 244.34303pt.
[5 <./images/administrador.png>]
<images/hola_mundo.png, id=114, 298.11375pt x 136.51pt>
File: images/hola_mundo.png Graphic file (type png)
<use images/hola_mundo.png>
Package pdftex.def Info: images/hola_mundo.png  used on input line 94.
(pdftex.def)             Requested size: 300.29344pt x 137.51573pt.
 [6 <./images/ajustes.png> <./images/modo-desarrollador.png>]
<images/code_manifest.png, id=124, 356.33125pt x 104.39pt>
File: images/code_manifest.png Graphic file (type png)
<use images/code_manifest.png>
Package pdftex.def Info: images/code_manifest.png  used on input line 104.
(pdftex.def)             Requested size: 325.31154pt x 95.30722pt.
<images/init_manifest copy.png, id=125, 365.365pt x 92.345pt>
File: images/init_manifest copy.png Graphic file (type png)
<use images/init_manifest copy.png>
Package pdftex.def Info: images/init_manifest copy.png  used on input line 111.
(pdftex.def)             Requested size: 325.31154pt x 82.22481pt.
<images/entrar-aplicaciones copy.png, id=126, 208.78pt x 257.96375pt>
File: images/entrar-aplicaciones copy.png Graphic file (type png)
<use images/entrar-aplicaciones copy.png>
Package pdftex.def Info: images/entrar-aplicaciones copy.png  used on input line 121.
(pdftex.def)             Requested size: 175.17244pt x 216.45189pt.
<images/actualizar-lista.png, id=127, 465.74pt x 105.39375pt>
File: images/actualizar-lista.png Graphic file (type png)
<use images/actualizar-lista.png>
Package pdftex.def Info: images/actualizar-lista.png  used on input line 127.
(pdftex.def)             Requested size: 400.38872pt x 90.6079pt.
<images/confirmar-actualizar.png, id=128, 326.21875pt x 202.7575pt>
File: images/confirmar-actualizar.png Graphic file (type png)
<use images/confirmar-actualizar.png>
Package pdftex.def Info: images/confirmar-actualizar.png  used on input line 133.
(pdftex.def)             Requested size: 275.26772pt x 171.10406pt.
<images/modulo-ejemplo.png, id=129, 897.3525pt x 251.94125pt>
File: images/modulo-ejemplo.png Graphic file (type png)
<use images/modulo-ejemplo.png>
Package pdftex.def Info: images/modulo-ejemplo.png  used on input line 139.
(pdftex.def)             Requested size: 500.484pt x 140.51717pt.
 [7 <./images/hola_mundo.png> <./images/code_manifest.png> <./images/init_manifest copy.png>] [8 <./images/entrar-aplicaciones copy.png> <./images/actualizar-lista.png> <./images/confirmar-actualizar.png>]
<images/instalacion_odoo-16.png, id=153, 587.19376pt x 53.19875pt>
File: images/instalacion_odoo-16.png Graphic file (type png)
<use images/instalacion_odoo-16.png>
Package pdftex.def Info: images/instalacion_odoo-16.png  used on input line 162.
(pdftex.def)             Requested size: 500.484pt x 45.34334pt.
 [9 <./images/modulo-ejemplo.png> <./images/instalacion_odoo-16.png>]
<images/crear-modulos.png, id=164, 692.5875pt x 120.45pt>
File: images/crear-modulos.png Graphic file (type png)
<use images/crear-modulos.png>
Package pdftex.def Info: images/crear-modulos.png  used on input line 181.
(pdftex.def)             Requested size: 500.484pt x 87.04187pt.
<images/instalaciones-modulos.png, id=165, 1580.90625pt x 1373.13pt>
File: images/instalaciones-modulos.png Graphic file (type png)
<use images/instalaciones-modulos.png>
Package pdftex.def Info: images/instalaciones-modulos.png  used on input line 186.
(pdftex.def)             Requested size: 500.484pt x 434.69632pt.
 [10 <./images/crear-modulos.png> <./images/instalaciones-modulos.png>]
<images/agenda_profesor.png, id=175, 460.72125pt x 446.66875pt>
File: images/agenda_profesor.png Graphic file (type png)
<use images/agenda_profesor.png>
Package pdftex.def Info: images/agenda_profesor.png  used on input line 194.
(pdftex.def)             Requested size: 450.43253pt x 436.68959pt.
 [11 <./images/agenda_profesor.png>]
<images/crear-lista-tareas.png, id=183, 694.595pt x 55.20625pt>
File: images/crear-lista-tareas.png Graphic file (type png)
<use images/crear-lista-tareas.png>
Package pdftex.def Info: images/crear-lista-tareas.png  used on input line 214.
(pdftex.def)             Requested size: 500.484pt x 39.77962pt.
<images/cambiar-nombre-lista.png, id=184, 575.14874pt x 241.90375pt>
File: images/cambiar-nombre-lista.png Graphic file (type png)
<use images/cambiar-nombre-lista.png>
Package pdftex.def Info: images/cambiar-nombre-lista.png  used on input line 220.
(pdftex.def)             Requested size: 500.484pt x 210.50623pt.
<images/actualizar-modulo.png, id=185, 543.02875pt x 205.76875pt>
File: images/actualizar-modulo.png Graphic file (type png)
<use images/actualizar-modulo.png>
Package pdftex.def Info: images/actualizar-modulo.png  used on input line 226.
(pdftex.def)             Requested size: 500.484pt x 189.6549pt.
 [12 <./images/crear-lista-tareas.png> <./images/cambiar-nombre-lista.png> <./images/actualizar-modulo.png>]
<images/modelo-lista-tareas.png, id=197, 809.0225pt x 422.57875pt>
File: images/modelo-lista-tareas.png Graphic file (type png)
<use images/modelo-lista-tareas.png>
Package pdftex.def Info: images/modelo-lista-tareas.png  used on input line 243.
(pdftex.def)             Requested size: 500.484pt x 261.42224pt.
File: images/actualizar-modulo.png Graphic file (type png)
<use images/actualizar-modulo.png>
Package pdftex.def Info: images/actualizar-modulo.png  used on input line 261.
(pdftex.def)             Requested size: 400.38872pt x 151.7233pt.
 [13 <./images/modelo-lista-tareas.png>] [14] (./Documentación.aux)
 ***********
LaTeX2e <2023-11-01> patch level 1
L3 programming layer <2024-01-22>
 ***********
Package rerunfilecheck Info: File `Documentación.out' has not changed.
(rerunfilecheck)             Checksum: 65099E1CF9566E3BB494414034F7B2D6;2571.
 ) 
Here is how much of TeX's memory you used:
 11842 strings out of 476182
 193531 string characters out of 5795594
 1930975 words of memory out of 5000000
 33683 multiletter control sequences out of 15000+600000
 563743 words of font info for 55 fonts, out of 8000000 for 9000
 14 hyphenation exceptions out of 8191
 75i,7n,82p,634b,510s stack positions out of 10000i,1000n,20000p,200000b,200000s
 </home/santi/.texlive2023/texmf-var/fonts/pk/ljfour/jknappen/ec/tcrm1200.600pk></usr/share/texlive/texmf-dist/fonts/type1/public/amsfonts/cm/cmbx12.pfb></usr/share/texlive/texmf-dist/fonts/type1/public/amsfonts/cm/cmr12.pfb></usr/share/texlive/texmf-dist/fonts/type1/public/amsfonts/cm/cmr17.pfb></usr/share/texlive/texmf-dist/fonts/type1/public/amsfonts/cm/cmsy10.pfb></usr/share/texlive/texmf-dist/fonts/type1/public/amsfonts/cm/cmtt12.pfb>
Output written on Documentación.pdf (14 pages, 709849 bytes).
PDF statistics:
 253 PDF objects out of 1000 (max. 8388607)
 188 compressed objects within 2 object streams
 51 named destinations out of 1000 (max. 500000)
 195 words of extra memory for PDF output out of 10000 (max. 10000000)

